#
# There is insufficient memory for the Java Runtime Environment to continue.
# Native memory allocation (malloc) failed to allocate 763296 bytes for Chunk::new
# Possible reasons:
#   The system is out of physical RAM or swap space
#   In 32 bit mode, the process size limit was hit
# Possible solutions:
#   Reduce memory load on the system
#   Increase physical memory or swap space
#   Check if swap backing store is full
#   Use 64 bit Java on a 64 bit OS
#   Decrease Java heap size (-Xmx/-Xms)
#   Decrease number of Java threads
#   Decrease Java thread stack sizes (-Xss)
#   Set larger code cache with -XX:ReservedCodeCacheSize=
# This output file may be truncated or incomplete.
#
#  Out of Memory Error (allocation.cpp:390), pid=6520, tid=0x00000000000020e4
#
# JRE version: Java(TM) SE Runtime Environment (8.0_162-b12) (build 1.8.0_162-b12)
# Java VM: Java HotSpot(TM) 64-Bit Server VM (25.162-b12 mixed mode windows-amd64 compressed oops)
# Failed to write core dump. Minidumps are not enabled by default on client versions of Windows
#

---------------  T H R E A D  ---------------

Current thread (0x000000001af69000):  JavaThread "C2 CompilerThread1" daemon [_thread_in_native, id=8420, stack(0x000000001b660000,0x000000001b760000)]

Stack: [0x000000001b660000,0x000000001b760000]
[error occurred during error reporting (printing stack bounds), id 0xc0000005]

Native frames: (J=compiled Java code, j=interpreted, Vv=VM code, C=native code)


Current CompileTask:
C2:  14943 5152       4       com.sun.beans.TypeResolver::resolve (37 bytes)


---------------  P R O C E S S  ---------------

Java Threads: ( => current thread )
  0x000000001af72800 JavaThread "File lock request listener" [_thread_in_native, id=8008, stack(0x0000000020b80000,0x0000000020c80000)]
  0x000000001db82000 JavaThread "pool-1-thread-1" [_thread_in_native, id=2596, stack(0x000000001c260000,0x000000001c360000)]
  0x000000001aff7000 JavaThread "Service Thread" daemon [_thread_blocked, id=212, stack(0x000000001b860000,0x000000001b960000)]
  0x000000001af78800 JavaThread "C1 CompilerThread2" daemon [_thread_blocked, id=6952, stack(0x000000001b760000,0x000000001b860000)]
=>0x000000001af69000 JavaThread "C2 CompilerThread1" daemon [_thread_in_native, id=8420, stack(0x000000001b660000,0x000000001b760000)]
  0x0000000019b59000 JavaThread "C2 CompilerThread0" daemon [_thread_in_native, id=8848, stack(0x000000001b560000,0x000000001b660000)]
  0x0000000019af7800 JavaThread "Attach Listener" daemon [_thread_blocked, id=2888, stack(0x000000001b460000,0x000000001b560000)]
  0x000000001af68800 JavaThread "Signal Dispatcher" daemon [_thread_blocked, id=3712, stack(0x000000001b360000,0x000000001b460000)]
  0x0000000004f8b000 JavaThread "Finalizer" daemon [_thread_blocked, id=3884, stack(0x000000001ad60000,0x000000001ae60000)]
  0x0000000019ac9000 JavaThread "Reference Handler" daemon [_thread_blocked, id=1288, stack(0x000000001ac60000,0x000000001ad60000)]
  0x0000000002c7e000 JavaThread "main" [_thread_in_Java, id=2500, stack(0x0000000004970000,0x0000000004a70000)]

Other Threads:
  0x0000000019ac7800 VMThread [stack: 0x000000001ab60000,0x000000001ac60000] [id=10036]
  0x000000001b00a800 WatcherThread [stack: 0x000000001b960000,0x000000001ba60000] [id=10236]

VM state:not at safepoint (normal execution)

VM Mutex/Monitor currently owned by a thread: None

Heap:
 PSYoungGen      total 117248K, used 84081K [0x00000000d5c00000, 0x00000000ddd80000, 0x0000000100000000)
  eden space 108032K, 71% used [0x00000000d5c00000,0x00000000da71f5d8,0x00000000dc580000)
  from space 9216K, 77% used [0x00000000dd480000,0x00000000ddb7cff0,0x00000000ddd80000)
  to   space 12288K, 0% used [0x00000000dc580000,0x00000000dc580000,0x00000000dd180000)
 ParOldGen       total 59904K, used 19069K [0x0000000081400000, 0x0000000084e80000, 0x00000000d5c00000)
  object space 59904K, 31% used [0x0000000081400000,0x000000008269f478,0x0000000084e80000)
 Metaspace       used 43769K, capacity 44644K, committed 44928K, reserved 1087488K
  class space    used 5946K, capacity 6203K, committed 6272K, reserved 1048576K

Card table byte_map: [0x0000000014350000,0x0000000014750000] byte_map_base: 0x0000000013f46000

Marking Bits: (ParMarkBitMap*) 0x0000000075630860
 Begin Bits: [0x0000000014e00000, 0x0000000016db0000)
 End Bits:   [0x0000000016db0000, 0x0000000018d60000)

Polling page: 0x0000000002c50000

CodeCache: size=245760Kb used=17803Kb max_used=17828Kb free=227956Kb
 bounds [0x0000000004f90000, 0x0000000006110000, 0x0000000013f90000]
 total_blobs=5512 nmethods=4812 adapters=612
 compilation: enabled

Compilation events (10 events):
Event: 14.897 Thread 0x000000001af78800 5171       3       java.lang.invoke.MemberName::getType (19 bytes)
Event: 14.898 Thread 0x000000001af78800 nmethod 5171 0x00000000060db710 code [0x00000000060db8a0, 0x00000000060dbdf8]
Event: 14.898 Thread 0x000000001af78800 5172       3       java.lang.invoke.MethodHandles$Lookup::checkAccess (250 bytes)
Event: 14.900 Thread 0x000000001af78800 nmethod 5172 0x00000000060e6110 code [0x00000000060e63c0, 0x00000000060e7c48]
Event: 14.900 Thread 0x000000001af78800 5173       3       java.util.LinkedList$ListItr::previous (70 bytes)
Event: 14.900 Thread 0x000000001af78800 nmethod 5173 0x00000000060e8290 code [0x00000000060e8440, 0x00000000060e89d8]
Event: 14.902 Thread 0x000000001af78800 5174       3       com.sun.jna.Pointer::getValue (1075 bytes)
Event: 14.913 Thread 0x000000001af78800 nmethod 5174 0x00000000060e8c10 code [0x00000000060e99e0, 0x00000000060f3198]
Event: 14.922 Thread 0x0000000019b59000 nmethod 5104 0x00000000060ff4d0 code [0x00000000060ff8c0, 0x00000000061036d0]
Event: 14.922 Thread 0x0000000019b59000 5168       4       java.util.TreeMap::getEntry (84 bytes)

GC Heap History (10 events):
Event: 8.300 GC heap before
{Heap before GC invocations=8 (full 1):
 PSYoungGen      total 57856K, used 57716K [0x00000000d5c00000, 0x00000000dab00000, 0x0000000100000000)
  eden space 54272K, 100% used [0x00000000d5c00000,0x00000000d9100000,0x00000000d9100000)
  from space 3584K, 96% used [0x00000000da780000,0x00000000daadd078,0x00000000dab00000)
  to   space 11264K, 0% used [0x00000000d9500000,0x00000000d9500000,0x00000000da000000)
 ParOldGen       total 59904K, used 10360K [0x0000000081400000, 0x0000000084e80000, 0x00000000d5c00000)
  object space 59904K, 17% used [0x0000000081400000,0x0000000081e1e2e0,0x0000000084e80000)
 Metaspace       used 27318K, capacity 27764K, committed 28032K, reserved 1073152K
  class space    used 3765K, capacity 3895K, committed 3968K, reserved 1048576K
Event: 8.308 GC heap after
Heap after GC invocations=8 (full 1):
 PSYoungGen      total 69632K, used 5176K [0x00000000d5c00000, 0x00000000dc480000, 0x0000000100000000)
  eden space 58368K, 0% used [0x00000000d5c00000,0x00000000d5c00000,0x00000000d9500000)
  from space 11264K, 45% used [0x00000000d9500000,0x00000000d9a0e3f8,0x00000000da000000)
  to   space 10752K, 0% used [0x00000000dba00000,0x00000000dba00000,0x00000000dc480000)
 ParOldGen       total 59904K, used 10432K [0x0000000081400000, 0x0000000084e80000, 0x00000000d5c00000)
  object space 59904K, 17% used [0x0000000081400000,0x0000000081e302f0,0x0000000084e80000)
 Metaspace       used 27318K, capacity 27764K, committed 28032K, reserved 1073152K
  class space    used 3765K, capacity 3895K, committed 3968K, reserved 1048576K
}
Event: 9.861 GC heap before
{Heap before GC invocations=9 (full 1):
 PSYoungGen      total 69632K, used 63544K [0x00000000d5c00000, 0x00000000dc480000, 0x0000000100000000)
  eden space 58368K, 100% used [0x00000000d5c00000,0x00000000d9500000,0x00000000d9500000)
  from space 11264K, 45% used [0x00000000d9500000,0x00000000d9a0e3f8,0x00000000da000000)
  to   space 10752K, 0% used [0x00000000dba00000,0x00000000dba00000,0x00000000dc480000)
 ParOldGen       total 59904K, used 10432K [0x0000000081400000, 0x0000000084e80000, 0x00000000d5c00000)
  object space 59904K, 17% used [0x0000000081400000,0x0000000081e302f0,0x0000000084e80000)
 Metaspace       used 31567K, capacity 32110K, committed 32512K, reserved 1077248K
  class space    used 4314K, capacity 4516K, committed 4608K, reserved 1048576K
Event: 9.874 GC heap after
Heap after GC invocations=9 (full 1):
 PSYoungGen      total 95744K, used 8606K [0x00000000d5c00000, 0x00000000dc900000, 0x0000000100000000)
  eden space 84992K, 0% used [0x00000000d5c00000,0x00000000d5c00000,0x00000000daf00000)
  from space 10752K, 80% used [0x00000000dba00000,0x00000000dc2678e8,0x00000000dc480000)
  to   space 11264K, 0% used [0x00000000daf00000,0x00000000daf00000,0x00000000dba00000)
 ParOldGen       total 59904K, used 10440K [0x0000000081400000, 0x0000000084e80000, 0x00000000d5c00000)
  object space 59904K, 17% used [0x0000000081400000,0x0000000081e322f0,0x0000000084e80000)
 Metaspace       used 31567K, capacity 32110K, committed 32512K, reserved 1077248K
  class space    used 4314K, capacity 4516K, committed 4608K, reserved 1048576K
}
Event: 11.037 GC heap before
{Heap before GC invocations=10 (full 1):
 PSYoungGen      total 95744K, used 61200K [0x00000000d5c00000, 0x00000000dc900000, 0x0000000100000000)
  eden space 84992K, 61% used [0x00000000d5c00000,0x00000000d8f5c970,0x00000000daf00000)
  from space 10752K, 80% used [0x00000000dba00000,0x00000000dc2678e8,0x00000000dc480000)
  to   space 11264K, 0% used [0x00000000daf00000,0x00000000daf00000,0x00000000dba00000)
 ParOldGen       total 59904K, used 10440K [0x0000000081400000, 0x0000000084e80000, 0x00000000d5c00000)
  object space 59904K, 17% used [0x0000000081400000,0x0000000081e322f0,0x0000000084e80000)
 Metaspace       used 34649K, capacity 35130K, committed 35496K, reserved 1079296K
  class space    used 4712K, capacity 4833K, committed 4864K, reserved 1048576K
Event: 11.057 GC heap after
Heap after GC invocations=10 (full 1):
 PSYoungGen      total 96256K, used 11233K [0x00000000d5c00000, 0x00000000de100000, 0x0000000100000000)
  eden space 84992K, 0% used [0x00000000d5c00000,0x00000000d5c00000,0x00000000daf00000)
  from space 11264K, 99% used [0x00000000daf00000,0x00000000db9f8738,0x00000000dba00000)
  to   space 12800K, 0% used [0x00000000dd480000,0x00000000dd480000,0x00000000de100000)
 ParOldGen       total 59904K, used 10760K [0x0000000081400000, 0x0000000084e80000, 0x00000000d5c00000)
  object space 59904K, 17% used [0x0000000081400000,0x0000000081e82000,0x0000000084e80000)
 Metaspace       used 34649K, capacity 35130K, committed 35496K, reserved 1079296K
  class space    used 4712K, capacity 4833K, committed 4864K, reserved 1048576K
}
Event: 11.057 GC heap before
{Heap before GC invocations=11 (full 2):
 PSYoungGen      total 96256K, used 11233K [0x00000000d5c00000, 0x00000000de100000, 0x0000000100000000)
  eden space 84992K, 0% used [0x00000000d5c00000,0x00000000d5c00000,0x00000000daf00000)
  from space 11264K, 99% used [0x00000000daf00000,0x00000000db9f8738,0x00000000dba00000)
  to   space 12800K, 0% used [0x00000000dd480000,0x00000000dd480000,0x00000000de100000)
 ParOldGen       total 59904K, used 10760K [0x0000000081400000, 0x0000000084e80000, 0x00000000d5c00000)
  object space 59904K, 17% used [0x0000000081400000,0x0000000081e82000,0x0000000084e80000)
 Metaspace       used 34649K, capacity 35130K, committed 35496K, reserved 1079296K
  class space    used 4712K, capacity 4833K, committed 4864K, reserved 1048576K
Event: 11.189 GC heap after
Heap after GC invocations=11 (full 2):
 PSYoungGen      total 96256K, used 0K [0x00000000d5c00000, 0x00000000de100000, 0x0000000100000000)
  eden space 84992K, 0% used [0x00000000d5c00000,0x00000000d5c00000,0x00000000daf00000)
  from space 11264K, 0% used [0x00000000daf00000,0x00000000daf00000,0x00000000dba00000)
  to   space 12800K, 0% used [0x00000000dd480000,0x00000000dd480000,0x00000000de100000)
 ParOldGen       total 59904K, used 19061K [0x0000000081400000, 0x0000000084e80000, 0x00000000d5c00000)
  object space 59904K, 31% used [0x0000000081400000,0x000000008269d478,0x0000000084e80000)
 Metaspace       used 34649K, capacity 35130K, committed 35496K, reserved 1079296K
  class space    used 4712K, capacity 4833K, committed 4864K, reserved 1048576K
}
Event: 13.243 GC heap before
{Heap before GC invocations=12 (full 2):
 PSYoungGen      total 96256K, used 84992K [0x00000000d5c00000, 0x00000000de100000, 0x0000000100000000)
  eden space 84992K, 100% used [0x00000000d5c00000,0x00000000daf00000,0x00000000daf00000)
  from space 11264K, 0% used [0x00000000daf00000,0x00000000daf00000,0x00000000dba00000)
  to   space 12800K, 0% used [0x00000000dd480000,0x00000000dd480000,0x00000000de100000)
 ParOldGen       total 59904K, used 19061K [0x0000000081400000, 0x0000000084e80000, 0x00000000d5c00000)
  object space 59904K, 31% used [0x0000000081400000,0x000000008269d478,0x0000000084e80000)
 Metaspace       used 40932K, capacity 41646K, committed 41984K, reserved 1085440K
  class space    used 5562K, capacity 5802K, committed 5888K, reserved 1048576K
Event: 13.255 GC heap after
Heap after GC invocations=12 (full 2):
 PSYoungGen      total 117248K, used 7155K [0x00000000d5c00000, 0x00000000ddd80000, 0x0000000100000000)
  eden space 108032K, 0% used [0x00000000d5c00000,0x00000000d5c00000,0x00000000dc580000)
  from space 9216K, 77% used [0x00000000dd480000,0x00000000ddb7cff0,0x00000000ddd80000)
  to   space 12288K, 0% used [0x00000000dc580000,0x00000000dc580000,0x00000000dd180000)
 ParOldGen       total 59904K, used 19069K [0x0000000081400000, 0x0000000084e80000, 0x00000000d5c00000)
  object space 59904K, 31% used [0x0000000081400000,0x000000008269f478,0x0000000084e80000)
 Metaspace       used 40932K, capacity 41646K, committed 41984K, reserved 1085440K
  class space    used 5562K, capacity 5802K, committed 5888K, reserved 1048576K
}

Deoptimization events (10 events):
Event: 13.986 Thread 0x0000000002c7e000 Uncommon trap: reason=class_check action=maybe_recompile pc=0x000000000574547c method=java.util.Hashtable.get(Ljava/lang/Object;)Ljava/lang/Object; @ 6
Event: 14.011 Thread 0x0000000002c7e000 Uncommon trap: reason=unstable_if action=reinterpret pc=0x000000000584af44 method=org.apache.xerces.util.SymbolTable.addSymbol([CII)Ljava/lang/String; @ 56
Event: 14.011 Thread 0x0000000002c7e000 Uncommon trap: reason=unstable_if action=reinterpret pc=0x0000000005820374 method=org.apache.xerces.impl.XMLEntityScanner.peekChar()I @ 14
Event: 14.097 Thread 0x0000000002c7e000 Uncommon trap: reason=range_check action=make_not_entrant pc=0x0000000005628b54 method=java.lang.String.charAt(I)C @ 27
Event: 14.108 Thread 0x0000000002c7e000 Uncommon trap: reason=class_check action=maybe_recompile pc=0x0000000005664d90 method=com.sun.org.apache.xerces.internal.impl.XMLEntityScanner.invokeListeners(I)V @ 21
Event: 14.108 Thread 0x0000000002c7e000 Uncommon trap: reason=class_check action=maybe_recompile pc=0x0000000005664d90 method=com.sun.org.apache.xerces.internal.impl.XMLEntityScanner.invokeListeners(I)V @ 21
Event: 14.117 Thread 0x0000000002c7e000 Uncommon trap: reason=class_check action=maybe_recompile pc=0x000000000574547c method=java.util.Hashtable.get(Ljava/lang/Object;)Ljava/lang/Object; @ 6
Event: 14.134 Thread 0x0000000002c7e000 Uncommon trap: reason=class_check action=maybe_recompile pc=0x000000000574547c method=java.util.Hashtable.get(Ljava/lang/Object;)Ljava/lang/Object; @ 6
Event: 14.255 Thread 0x0000000002c7e000 Uncommon trap: reason=class_check action=maybe_recompile pc=0x000000000574547c method=java.util.Hashtable.get(Ljava/lang/Object;)Ljava/lang/Object; @ 6
Event: 14.507 Thread 0x0000000002c7e000 Uncommon trap: reason=unstable_if action=reinterpret pc=0x0000000005703ba4 method=java.util.HashMap$HashIterator.<init>(Ljava/util/HashMap;)V @ 45

Classes redefined (0 events):
No events

Internal exceptions (10 events):
Event: 14.817 Thread 0x0000000002c7e000 Exception <a 'java/lang/ClassNotFoundException': com/android/build/gradle/tasks/RenderscriptCompileCustomizer> (0x00000000da0995e8) thrown at [C:\re\workspace\8-2-build-windows-amd64-cygwin\jdk8u162\10278\hotspot\src\share\vm\classfile\systemDictionary.cp
Event: 14.821 Thread 0x0000000002c7e000 Exception <a 'java/lang/ClassNotFoundException': com/android/build/gradle/tasks/RenderscriptCompile_DecoratedCustomizer> (0x00000000da0e4ef0) thrown at [C:\re\workspace\8-2-build-windows-amd64-cygwin\jdk8u162\10278\hotspot\src\share\vm\classfile\systemDic
Event: 14.845 Thread 0x0000000002c7e000 Exception <a 'java/lang/ClassNotFoundException': com/android/build/gradle/tasks/MergeResources_DecoratedBeanInfo> (0x00000000da26cd10) thrown at [C:\re\workspace\8-2-build-windows-amd64-cygwin\jdk8u162\10278\hotspot\src\share\vm\classfile\systemDictionary
Event: 14.846 Thread 0x0000000002c7e000 Exception <a 'java/lang/ClassNotFoundException': com/android/build/gradle/tasks/MergeResourcesBeanInfo> (0x00000000da27dbc0) thrown at [C:\re\workspace\8-2-build-windows-amd64-cygwin\jdk8u162\10278\hotspot\src\share\vm\classfile\systemDictionary.cpp, line
Event: 14.850 Thread 0x0000000002c7e000 Exception <a 'java/lang/ClassNotFoundException': com/android/build/gradle/tasks/MergeResourcesCustomizer> (0x00000000da28ee10) thrown at [C:\re\workspace\8-2-build-windows-amd64-cygwin\jdk8u162\10278\hotspot\src\share\vm\classfile\systemDictionary.cpp, li
Event: 14.852 Thread 0x0000000002c7e000 Exception <a 'java/lang/ClassNotFoundException': com/android/build/gradle/tasks/MergeResources_DecoratedCustomizer> (0x00000000da2d8320) thrown at [C:\re\workspace\8-2-build-windows-amd64-cygwin\jdk8u162\10278\hotspot\src\share\vm\classfile\systemDictiona
Event: 14.884 Thread 0x0000000002c7e000 Exception <a 'java/lang/ClassNotFoundException': com/android/build/gradle/tasks/MergeSourceSetFolders_DecoratedBeanInfo> (0x00000000da410138) thrown at [C:\re\workspace\8-2-build-windows-amd64-cygwin\jdk8u162\10278\hotspot\src\share\vm\classfile\systemDic
Event: 14.884 Thread 0x0000000002c7e000 Exception <a 'java/lang/ClassNotFoundException': com/android/build/gradle/tasks/MergeSourceSetFoldersBeanInfo> (0x00000000da422328) thrown at [C:\re\workspace\8-2-build-windows-amd64-cygwin\jdk8u162\10278\hotspot\src\share\vm\classfile\systemDictionary.cp
Event: 14.887 Thread 0x0000000002c7e000 Exception <a 'java/lang/ClassNotFoundException': com/android/build/gradle/tasks/MergeSourceSetFoldersCustomizer> (0x00000000da434920) thrown at [C:\re\workspace\8-2-build-windows-amd64-cygwin\jdk8u162\10278\hotspot\src\share\vm\classfile\systemDictionary.
Event: 14.888 Thread 0x0000000002c7e000 Exception <a 'java/lang/ClassNotFoundException': com/android/build/gradle/tasks/MergeSourceSetFolders_DecoratedCustomizer> (0x00000000da462558) thrown at [C:\re\workspace\8-2-build-windows-amd64-cygwin\jdk8u162\10278\hotspot\src\share\vm\classfile\systemD

Events (10 events):
Event: 14.888 loading class com/android/build/gradle/tasks/MergeSourceSetFolders_DecoratedCustomizer
Event: 14.888 loading class com/android/build/gradle/tasks/MergeSourceSetFolders_DecoratedCustomizer done
Event: 14.888 loading class com/android/build/gradle/tasks/MergeSourceSetFolders_DecoratedCustomizer
Event: 14.888 loading class com/android/build/gradle/tasks/MergeSourceSetFolders_DecoratedCustomizer done
Event: 14.890 loading class com/android/build/gradle/tasks/GenerateBuildConfig$ConfigAction
Event: 14.890 loading class com/android/build/gradle/tasks/GenerateBuildConfig$ConfigAction done
Event: 14.897 loading class com/android/build/gradle/internal/core/GradleVariantConfiguration
Event: 14.897 loading class com/android/build/gradle/internal/core/GradleVariantConfiguration done
Event: 14.898 loading class groovy/runtime/metaclass/com/android/build/gradle/tasks/GenerateBuildConfig_DecoratedMetaClass
Event: 14.898 loading class groovy/runtime/metaclass/com/android/build/gradle/tasks/GenerateBuildConfig_DecoratedMetaClass done


Dynamic libraries:
0x00007ff67e4d0000 - 0x00007ff67e507000 	C:\Program Files\Java\jdk1.8.0_162\bin\java.exe
0x00007ff9eea50000 - 0x00007ff9eec30000 	C:\Windows\SYSTEM32\ntdll.dll
0x00007ff9edc40000 - 0x00007ff9edcee000 	C:\Windows\System32\KERNEL32.DLL
0x00007ff9eb3b0000 - 0x00007ff9eb616000 	C:\Windows\System32\KERNELBASE.dll
0x00007ff9ee5b0000 - 0x00007ff9ee651000 	C:\Windows\System32\ADVAPI32.dll
0x00007ff9edcf0000 - 0x00007ff9edd8d000 	C:\Windows\System32\msvcrt.dll
0x00007ff9ebf20000 - 0x00007ff9ebf7b000 	C:\Windows\System32\sechost.dll
0x00007ff9ec480000 - 0x00007ff9ec59f000 	C:\Windows\System32\RPCRT4.dll
0x00007ff9ebf90000 - 0x00007ff9ec11f000 	C:\Windows\System32\USER32.dll
0x00007ff9eb620000 - 0x00007ff9eb640000 	C:\Windows\System32\win32u.dll
0x00007ff9ee410000 - 0x00007ff9ee438000 	C:\Windows\System32\GDI32.dll
0x00007ff9eae50000 - 0x00007ff9eafe3000 	C:\Windows\System32\gdi32full.dll
0x00007ff9eb310000 - 0x00007ff9eb3ab000 	C:\Windows\System32\msvcp_win.dll
0x00007ff9eaff0000 - 0x00007ff9eb0e6000 	C:\Windows\System32\ucrtbase.dll
0x00007ff9e1d00000 - 0x00007ff9e1f69000 	C:\Windows\WinSxS\amd64_microsoft.windows.common-controls_6595b64144ccf1df_6.0.16299.431_none_15c7d3ee93659e73\COMCTL32.dll
0x00007ff9ec170000 - 0x00007ff9ec478000 	C:\Windows\System32\combase.dll
0x00007ff9ebea0000 - 0x00007ff9ebf12000 	C:\Windows\System32\bcryptPrimitives.dll
0x00007ff9ec120000 - 0x00007ff9ec14d000 	C:\Windows\System32\IMM32.DLL
0x00000000756b0000 - 0x0000000075781000 	C:\Program Files\Java\jdk1.8.0_162\jre\bin\msvcr100.dll
0x0000000074e10000 - 0x00000000756b0000 	C:\Program Files\Java\jdk1.8.0_162\jre\bin\server\jvm.dll
0x00007ff9ede30000 - 0x00007ff9ede38000 	C:\Windows\System32\PSAPI.DLL
0x00007ff9e7ff0000 - 0x00007ff9e8013000 	C:\Windows\SYSTEM32\WINMM.dll
0x00007ff9e9a40000 - 0x00007ff9e9a49000 	C:\Windows\SYSTEM32\WSOCK32.dll
0x00007ff9ec620000 - 0x00007ff9ec68c000 	C:\Windows\System32\WS2_32.dll
0x00007ff9e7eb0000 - 0x00007ff9e7eda000 	C:\Windows\SYSTEM32\winmmbase.dll
0x00007ff9e20d0000 - 0x00007ff9e20da000 	C:\Windows\SYSTEM32\VERSION.dll
0x00007ff9eb2c0000 - 0x00007ff9eb30a000 	C:\Windows\System32\cfgmgr32.dll
0x0000000074e00000 - 0x0000000074e0f000 	C:\Program Files\Java\jdk1.8.0_162\jre\bin\verify.dll
0x0000000074dd0000 - 0x0000000074df9000 	C:\Program Files\Java\jdk1.8.0_162\jre\bin\java.dll
0x0000000074db0000 - 0x0000000074dc6000 	C:\Program Files\Java\jdk1.8.0_162\jre\bin\zip.dll
0x00007ff9ec6f0000 - 0x00007ff9edb28000 	C:\Windows\System32\SHELL32.dll
0x00007ff9ee290000 - 0x00007ff9ee336000 	C:\Windows\System32\shcore.dll
0x00007ff9eb640000 - 0x00007ff9ebd87000 	C:\Windows\System32\windows.storage.dll
0x00007ff9ee340000 - 0x00007ff9ee391000 	C:\Windows\System32\shlwapi.dll
0x00007ff9eae30000 - 0x00007ff9eae41000 	C:\Windows\System32\kernel.appcore.dll
0x00007ff9eade0000 - 0x00007ff9eae2c000 	C:\Windows\System32\powrprof.dll
0x00007ff9eada0000 - 0x00007ff9eadbb000 	C:\Windows\System32\profapi.dll
0x0000000074d90000 - 0x0000000074daa000 	C:\Program Files\Java\jdk1.8.0_162\jre\bin\net.dll
0x00007ff9ea630000 - 0x00007ff9ea696000 	C:\Windows\system32\mswsock.dll
0x0000000074d70000 - 0x0000000074d81000 	C:\Program Files\Java\jdk1.8.0_162\jre\bin\nio.dll
0x00007ff9d7800000 - 0x00007ff9d7812000 	C:\Users\hp\.gradle\native\19\windows-amd64\native-platform.dll
0x0000000180000000 - 0x0000000180037000 	C:\Users\hp\.gradle\native\jna\win32-amd64\jnidispatch.dll
0x00007ff9ea800000 - 0x00007ff9ea817000 	C:\Windows\SYSTEM32\CRYPTSP.dll
0x00007ff9ea230000 - 0x00007ff9ea263000 	C:\Windows\system32\rsaenh.dll
0x00007ff9ea900000 - 0x00007ff9ea925000 	C:\Windows\SYSTEM32\bcrypt.dll
0x00007ff9eaca0000 - 0x00007ff9eacc9000 	C:\Windows\SYSTEM32\USERENV.dll
0x00007ff9ea7f0000 - 0x00007ff9ea7fb000 	C:\Windows\SYSTEM32\CRYPTBASE.dll
0x00007ff9ea3c0000 - 0x00007ff9ea3f9000 	C:\Windows\SYSTEM32\IPHLPAPI.DLL
0x00007ff9ebf80000 - 0x00007ff9ebf88000 	C:\Windows\System32\NSI.dll
0x00007ff9e47b0000 - 0x00007ff9e47c6000 	C:\Windows\SYSTEM32\dhcpcsvc6.DLL
0x00007ff9e4790000 - 0x00007ff9e47aa000 	C:\Windows\SYSTEM32\dhcpcsvc.DLL
0x0000000074d60000 - 0x0000000074d6d000 	C:\Program Files\Java\jdk1.8.0_162\jre\bin\management.dll

VM Arguments:
jvm_args: -Dorg.gradle.appname=gradlew 
java_command: org.gradle.wrapper.GradleWrapperMain installDebug
java_class_path (initial): G:\SLLearning\Mobile Folder\Tingshuo\android\\gradle\wrapper\gradle-wrapper.jar
Launcher Type: SUN_STANDARD

Environment Variables:
JAVA_HOME=C:\Program Files\Java\jdk1.8.0_162\
CLASSPATH=G:\SLLearning\Mobile Folder\Tingshuo\android\\gradle\wrapper\gradle-wrapper.jar
PATH=C:\ProgramData\Oracle\Java\javapath;C:\Windows\system32;C:\Windows;C:\Windows\System32\Wbem;C:\Windows\System32\WindowsPowerShell\v1.0\;D:\Git\Git\cmd;C:\Users\hp\AppData\Local\Android\sdk\tools;C:\Users\hp\AppData\Local\Android\sdk\platform-tools;C:\Program Files\Java\jdk1.8.0_162\\bin;C:\Program Files\Java\jdk1.8.0_162\\jre\bin;C:\Program Files\nodejs\;F:\Git\Git\cmd;C:\Users\hp\AppData\Local\Android\sdk\tools;C:\Users\hp\AppData\Local\Android\sdk\platform-tools;D:\Python\python\Scripts\;D:\Python\python\;C:\Users\hp\AppData\Local\Microsoft\WindowsApps;C:\Users\hp\AppData\Roaming\npm
USERNAME=hp
OS=Windows_NT
PROCESSOR_IDENTIFIER=Intel64 Family 6 Model 61 Stepping 4, GenuineIntel



---------------  S Y S T E M  ---------------

OS: Windows 10.0 , 64 bit Build 16299 (10.0.16299.431)

CPU:total 4 (initial active 4) (2 cores per cpu, 2 threads per core) family 6 model 61 stepping 4, cmov, cx8, fxsr, mmx, sse, sse2, sse3, ssse3, sse4.1, sse4.2, popcnt, avx, avx2, aes, clmul, erms, 3dnowpref, lzcnt, ht, tsc, tscinvbit, bmi1, bmi2, adx

Memory: 4k page, physical 8301964k(1699456k free), swap 8301964k(4536k free)

vm_info: Java HotSpot(TM) 64-Bit Server VM (25.162-b12) for windows-amd64 JRE (1.8.0_162-b12), built on Dec 19 2017 20:00:03 by "java_re" with MS VC++ 10.0 (VS2010)

time: Tue Jul 31 11:53:48 2018
elapsed time: 14 seconds (0d 0h 0m 14s)

